<?xml version="1.0" encoding="UTF-8"?>
<coverage generated="1576001045963" clover="3.2.0">
  <project timestamp="1576001045963" name="All files">
    <metrics statements="18" coveredstatements="6" conditionals="5" coveredconditionals="0" methods="5" coveredmethods="3" elements="28" coveredelements="9" complexity="0" loc="18" ncloc="18" packages="1" files="1" classes="1"/>
    <file name="LinkedList.js" path="/Users/Danny/projects/code-challenges/linkedLists/LinkedList.js">
      <metrics statements="18" coveredstatements="6" conditionals="5" coveredconditionals="0" methods="5" coveredmethods="3"/>
      <line num="3" count="1" type="stmt"/>
      <line num="4" count="1" type="stmt"/>
      <line num="10" count="1" type="stmt"/>
      <line num="14" count="1" type="stmt"/>
      <line num="15" count="1" type="stmt"/>
      <line num="19" count="0" type="stmt"/>
      <line num="20" count="0" type="stmt"/>
      <line num="21" count="0" type="cond" truecount="0" falsecount="2"/>
      <line num="22" count="0" type="stmt"/>
      <line num="24" count="0" type="stmt"/>
      <line num="28" count="0" type="cond" truecount="0" falsecount="2"/>
      <line num="30" count="0" type="stmt"/>
      <line num="31" count="0" type="stmt"/>
      <line num="32" count="0" type="stmt"/>
      <line num="33" count="0" type="stmt"/>
      <line num="34" count="0" type="stmt"/>
      <line num="36" count="0" type="stmt"/>
      <line num="40" count="1" type="stmt"/>
    </file>
  </project>
</coverage>
