{"/Users/Danny/projects/code-challenges/linkedLists/LinkedList.js": {"path":"/Users/Danny/projects/code-challenges/linkedLists/LinkedList.js","statementMap":{"0":{"start":{"line":3,"column":4},"end":{"line":3,"column":21}},"1":{"start":{"line":4,"column":4},"end":{"line":4,"column":21}},"2":{"start":{"line":10,"column":4},"end":{"line":10,"column":21}},"3":{"start":{"line":14,"column":17},"end":{"line":14,"column":41}},"4":{"start":{"line":15,"column":4},"end":{"line":15,"column":21}},"5":{"start":{"line":19,"column":21},"end":{"line":19,"column":30}},"6":{"start":{"line":20,"column":4},"end":{"line":23,"column":5}},"7":{"start":{"line":21,"column":6},"end":{"line":21,"column":47}},"8":{"start":{"line":21,"column":35},"end":{"line":21,"column":47}},"9":{"start":{"line":22,"column":6},"end":{"line":22,"column":35}},"10":{"start":{"line":24,"column":4},"end":{"line":24,"column":17}},"11":{"start":{"line":28,"column":4},"end":{"line":28,"column":29}},"12":{"start":{"line":28,"column":19},"end":{"line":28,"column":29}},"13":{"start":{"line":30,"column":18},"end":{"line":30,"column":20}},"14":{"start":{"line":31,"column":15},"end":{"line":31,"column":24}},"15":{"start":{"line":32,"column":4},"end":{"line":35,"column":5}},"16":{"start":{"line":33,"column":6},"end":{"line":33,"column":29}},"17":{"start":{"line":34,"column":6},"end":{"line":34,"column":23}},"18":{"start":{"line":36,"column":4},"end":{"line":36,"column":30}},"19":{"start":{"line":40,"column":0},"end":{"line":40,"column":38}}},"fnMap":{"0":{"name":"(anonymous_0)","decl":{"start":{"line":2,"column":2},"end":{"line":2,"column":3}},"loc":{"start":{"line":2,"column":33},"end":{"line":5,"column":3}},"line":2},"1":{"name":"(anonymous_1)","decl":{"start":{"line":9,"column":2},"end":{"line":9,"column":3}},"loc":{"start":{"line":9,"column":16},"end":{"line":11,"column":3}},"line":9},"2":{"name":"(anonymous_2)","decl":{"start":{"line":13,"column":2},"end":{"line":13,"column":3}},"loc":{"start":{"line":13,"column":14},"end":{"line":16,"column":3}},"line":13},"3":{"name":"(anonymous_3)","decl":{"start":{"line":18,"column":2},"end":{"line":18,"column":3}},"loc":{"start":{"line":18,"column":16},"end":{"line":25,"column":3}},"line":18},"4":{"name":"(anonymous_4)","decl":{"start":{"line":27,"column":2},"end":{"line":27,"column":3}},"loc":{"start":{"line":27,"column":13},"end":{"line":37,"column":3}},"line":27}},"branchMap":{"0":{"loc":{"start":{"line":2,"column":19},"end":{"line":2,"column":30}},"type":"default-arg","locations":[{"start":{"line":2,"column":26},"end":{"line":2,"column":30}}],"line":2},"1":{"loc":{"start":{"line":21,"column":6},"end":{"line":21,"column":47}},"type":"if","locations":[{"start":{"line":21,"column":6},"end":{"line":21,"column":47}},{"start":{"line":21,"column":6},"end":{"line":21,"column":47}}],"line":21},"2":{"loc":{"start":{"line":28,"column":4},"end":{"line":28,"column":29}},"type":"if","locations":[{"start":{"line":28,"column":4},"end":{"line":28,"column":29}},{"start":{"line":28,"column":4},"end":{"line":28,"column":29}}],"line":28}},"s":{"0":4,"1":4,"2":2,"3":3,"4":3,"5":2,"6":2,"7":4,"8":1,"9":3,"10":1,"11":2,"12":1,"13":1,"14":1,"15":1,"16":3,"17":3,"18":1,"19":1},"f":{"0":4,"1":2,"2":3,"3":2,"4":2},"b":{"0":[1],"1":[1,3],"2":[1,1]},"_coverageSchema":"43e27e138ebf9cfc5966b082cf9a028302ed4184","hash":"b395d5d0a93a6ab974e7362da1103a4101ab021f"}
}
