{"/Users/Danny/projects/code-challenges/binarySearch/binarySearch.js": {"path":"/Users/Danny/projects/code-challenges/binarySearch/binarySearch.js","statementMap":{"0":{"start":{"line":3,"column":12},"end":{"line":3,"column":13}},"1":{"start":{"line":4,"column":12},"end":{"line":4,"column":26}},"2":{"start":{"line":6,"column":2},"end":{"line":20,"column":3}},"3":{"start":{"line":7,"column":14},"end":{"line":7,"column":41}},"4":{"start":{"line":8,"column":16},"end":{"line":8,"column":24}},"5":{"start":{"line":10,"column":4},"end":{"line":12,"column":5}},"6":{"start":{"line":11,"column":6},"end":{"line":11,"column":17}},"7":{"start":{"line":13,"column":4},"end":{"line":18,"column":5}},"8":{"start":{"line":14,"column":6},"end":{"line":14,"column":20}},"9":{"start":{"line":17,"column":6},"end":{"line":17,"column":20}},"10":{"start":{"line":21,"column":2},"end":{"line":21,"column":14}},"11":{"start":{"line":24,"column":0},"end":{"line":24,"column":30}}},"fnMap":{"0":{"name":"binarySearch","decl":{"start":{"line":1,"column":9},"end":{"line":1,"column":21}},"loc":{"start":{"line":1,"column":33},"end":{"line":22,"column":1}},"line":1}},"branchMap":{"0":{"loc":{"start":{"line":10,"column":4},"end":{"line":12,"column":5}},"type":"if","locations":[{"start":{"line":10,"column":4},"end":{"line":12,"column":5}},{"start":{"line":10,"column":4},"end":{"line":12,"column":5}}],"line":10},"1":{"loc":{"start":{"line":13,"column":4},"end":{"line":18,"column":5}},"type":"if","locations":[{"start":{"line":13,"column":4},"end":{"line":18,"column":5}},{"start":{"line":13,"column":4},"end":{"line":18,"column":5}}],"line":13}},"s":{"0":2,"1":2,"2":2,"3":4,"4":4,"5":4,"6":1,"7":3,"8":2,"9":1,"10":1,"11":1},"f":{"0":2},"b":{"0":[1,3],"1":[2,1]},"_coverageSchema":"43e27e138ebf9cfc5966b082cf9a028302ed4184","hash":"806f4fe813c6daf5371057c216fca8fe354b819f"}
}
