TN:
SF:/Users/Danny/projects/code-challenges/linkedLists/LinkedList.js
FN:2,(anonymous_0)
FN:9,(anonymous_1)
FN:13,(anonymous_2)
FN:18,(anonymous_3)
FN:27,(anonymous_4)
FNF:5
FNH:5
FNDA:4,(anonymous_0)
FNDA:2,(anonymous_1)
FNDA:3,(anonymous_2)
FNDA:2,(anonymous_3)
FNDA:2,(anonymous_4)
DA:3,4
DA:4,4
DA:10,2
DA:14,3
DA:15,3
DA:19,2
DA:20,2
DA:21,4
DA:22,3
DA:24,1
DA:28,2
DA:30,1
DA:31,1
DA:32,1
DA:33,3
DA:34,3
DA:36,1
DA:40,1
LF:18
LH:18
BRDA:2,0,0,1
BRDA:21,1,0,1
BRDA:21,1,1,3
BRDA:28,2,0,1
BRDA:28,2,1,1
BRF:5
BRH:5
end_of_record
