TN:
SF:/Users/Danny/projects/code-challenges/linkedLists/LinkedList.js
FN:2,(anonymous_0)
FN:9,(anonymous_1)
FN:13,(anonymous_2)
FN:18,(anonymous_3)
FN:27,(anonymous_4)
FNF:5
FNH:5
FNDA:3,(anonymous_0)
FNDA:1,(anonymous_1)
FNDA:3,(anonymous_2)
FNDA:2,(anonymous_3)
FNDA:2,(anonymous_4)
DA:3,3
DA:4,3
DA:10,1
DA:14,3
DA:15,3
DA:19,2
DA:20,2
DA:21,4
DA:22,3
DA:24,1
DA:28,2
DA:30,2
DA:31,2
DA:32,2
DA:33,6
DA:34,6
DA:36,2
DA:40,1
LF:18
LH:18
BRDA:2,0,0,0
BRDA:21,1,0,1
BRDA:21,1,1,3
BRDA:28,2,0,0
BRDA:28,2,1,2
BRF:5
BRH:3
end_of_record
